13/04/2021 23:45:38 WARN  [restartedMain] org.springframework.boot.StartupInfoLogger - InetAddress.getLocalHost().getHostName() took 5002 milliseconds to respond. Please verify your network configuration (macOS machines may need to add entries to /etc/hosts).
13/04/2021 23:45:43 INFO  [restartedMain] com.xpr.XprApplication - Starting XprApplication using Java 1.8.0_201 on MacBook-Pro-de-Bouhafs.local with PID 9114 (/Users/bouhafs/eclipse-workspace/Xpr/target/classes started by bouhafs in /Users/bouhafs/eclipse-workspace/Xpr)
13/04/2021 23:45:43 DEBUG [restartedMain] com.xpr.XprApplication - Running with Spring Boot v2.4.3, Spring v5.3.4
13/04/2021 23:45:43 INFO  [restartedMain] com.xpr.XprApplication - No active profile set, falling back to default profiles: default
13/04/2021 23:45:43 INFO  [restartedMain] org.springframework.boot.devtools.env.DevToolsPropertyDefaultsPostProcessor - Devtools property defaults active! Set 'spring.devtools.add-properties' to 'false' to disable
13/04/2021 23:45:43 INFO  [restartedMain] org.springframework.boot.devtools.env.DevToolsPropertyDefaultsPostProcessor - For additional web related logging consider setting the 'logging.level.web' property to 'DEBUG'
13/04/2021 23:45:44 INFO  [restartedMain] org.springframework.data.repository.config.RepositoryConfigurationDelegate - Bootstrapping Spring Data JPA repositories in DEFAULT mode.
13/04/2021 23:45:44 INFO  [restartedMain] org.springframework.data.repository.config.RepositoryConfigurationDelegate - Finished Spring Data repository scanning in 196 ms. Found 33 JPA repository interfaces.
13/04/2021 23:45:45 INFO  [restartedMain] org.springframework.context.support.PostProcessorRegistrationDelegate$BeanPostProcessorChecker - Bean 'org.springframework.ws.config.annotation.DelegatingWsConfiguration' of type [org.springframework.ws.config.annotation.DelegatingWsConfiguration$$EnhancerBySpringCGLIB$$6ed6811a] is not eligible for getting processed by all BeanPostProcessors (for example: not eligible for auto-proxying)
13/04/2021 23:45:45 INFO  [restartedMain] org.springframework.ws.soap.addressing.server.AnnotationActionEndpointMapping - Supporting [WS-Addressing August 2004, WS-Addressing 1.0]
13/04/2021 23:45:45 INFO  [restartedMain] org.springframework.boot.web.embedded.tomcat.TomcatWebServer - Tomcat initialized with port(s): 8080 (http)
13/04/2021 23:45:45 INFO  [restartedMain] org.apache.catalina.core.StandardService - Starting service [Tomcat]
13/04/2021 23:45:45 INFO  [restartedMain] org.apache.catalina.core.StandardEngine - Starting Servlet engine: [Apache Tomcat/9.0.43]
13/04/2021 23:45:45 INFO  [restartedMain] org.apache.catalina.core.ContainerBase.[Tomcat].[localhost].[/] - Initializing Spring embedded WebApplicationContext
13/04/2021 23:45:45 INFO  [restartedMain] org.springframework.boot.web.servlet.context.ServletWebServerApplicationContext - Root WebApplicationContext: initialization completed in 2434 ms
13/04/2021 23:45:46 INFO  [restartedMain] org.hibernate.jpa.internal.util.LogHelper - HHH000204: Processing PersistenceUnitInfo [name: default]
13/04/2021 23:45:46 INFO  [restartedMain] org.hibernate.Version - HHH000412: Hibernate ORM core version 5.4.28.Final
13/04/2021 23:45:46 INFO  [restartedMain] org.hibernate.annotations.common.Version - HCANN000001: Hibernate Commons Annotations {5.1.2.Final}
13/04/2021 23:45:46 INFO  [restartedMain] com.zaxxer.hikari.HikariDataSource - HikariPool-1 - Starting...
13/04/2021 23:45:46 INFO  [restartedMain] com.zaxxer.hikari.HikariDataSource - HikariPool-1 - Start completed.
13/04/2021 23:45:46 INFO  [restartedMain] org.hibernate.dialect.Dialect - HHH000400: Using dialect: org.hibernate.dialect.MySQL57Dialect
13/04/2021 23:45:46 WARN  [restartedMain] org.hibernate.cfg.AnnotationBinder - HHH000139: Illegal use of @Table in a subclass of a SINGLE_TABLE hierarchy: com.xpr.entities.HistoriqueStock
13/04/2021 23:45:46 WARN  [restartedMain] org.hibernate.cfg.AnnotationBinder - HHH000139: Illegal use of @Table in a subclass of a SINGLE_TABLE hierarchy: com.xpr.entities.Livreur
13/04/2021 23:45:46 WARN  [restartedMain] org.hibernate.cfg.AnnotationBinder - HHH000139: Illegal use of @Table in a subclass of a SINGLE_TABLE hierarchy: com.xpr.entities.Ramasseur
13/04/2021 23:45:47 INFO  [restartedMain] org.hibernate.tuple.PojoInstantiator - HHH000182: No default (no-argument) constructor for class: com.xpr.entities.StatutFactureClient (class must be instantiated by Interceptor)
13/04/2021 23:45:47 INFO  [restartedMain] org.hibernate.tuple.PojoInstantiator - HHH000182: No default (no-argument) constructor for class: com.xpr.entities.StatutFacture (class must be instantiated by Interceptor)
13/04/2021 23:45:51 INFO  [restartedMain] org.hibernate.engine.transaction.jta.platform.internal.JtaPlatformInitiator - HHH000490: Using JtaPlatform implementation: [org.hibernate.engine.transaction.jta.platform.internal.NoJtaPlatform]
13/04/2021 23:45:51 INFO  [restartedMain] org.springframework.orm.jpa.LocalContainerEntityManagerFactoryBean - Initialized JPA EntityManagerFactory for persistence unit 'default'
13/04/2021 23:45:52 DEBUG [restartedMain] com.xpr.sec.JWTAuthorizationFilter - Filter 'JWTAuthorizationFilter' configured for use
13/04/2021 23:45:52 INFO  [restartedMain] org.springframework.boot.devtools.autoconfigure.OptionalLiveReloadServer - LiveReload server is running on port 35729
13/04/2021 23:45:54 WARN  [restartedMain] org.springframework.boot.autoconfigure.orm.jpa.JpaBaseConfiguration$JpaWebConfiguration - spring.jpa.open-in-view is enabled by default. Therefore, database queries may be performed during view rendering. Explicitly configure spring.jpa.open-in-view to disable this warning
13/04/2021 23:45:55 INFO  [restartedMain] org.springframework.security.web.DefaultSecurityFilterChain - Will secure Ant [pattern='/v2/api-docs'] with []
13/04/2021 23:45:55 INFO  [restartedMain] org.springframework.security.web.DefaultSecurityFilterChain - Will secure Ant [pattern='/configuration/ui'] with []
13/04/2021 23:45:55 INFO  [restartedMain] org.springframework.security.web.DefaultSecurityFilterChain - Will secure Ant [pattern='/swagger-resources/**'] with []
13/04/2021 23:45:55 INFO  [restartedMain] org.springframework.security.web.DefaultSecurityFilterChain - Will secure Ant [pattern='/configuration/security'] with []
13/04/2021 23:45:55 INFO  [restartedMain] org.springframework.security.web.DefaultSecurityFilterChain - Will secure Ant [pattern='/swagger-ui.html'] with []
13/04/2021 23:45:55 INFO  [restartedMain] org.springframework.security.web.DefaultSecurityFilterChain - Will secure Ant [pattern='/webjars/**'] with []
13/04/2021 23:45:55 INFO  [restartedMain] org.springframework.security.web.DefaultSecurityFilterChain - Will secure Ant [pattern='/**'] with [org.springframework.security.web.context.request.async.WebAsyncManagerIntegrationFilter@3b887b3c, org.springframework.security.web.context.SecurityContextPersistenceFilter@752a93f3, org.springframework.security.web.header.HeaderWriterFilter@d8db6f5, org.springframework.security.web.authentication.logout.LogoutFilter@4d8e65dc, com.xpr.sec.JWTAuthorizationFilter@340e5985, com.xpr.sec.JWTAuthenticationFilter@44c9896e, org.springframework.security.web.savedrequest.RequestCacheAwareFilter@5672702e, org.springframework.security.web.servletapi.SecurityContextHolderAwareRequestFilter@5cb0ab09, org.springframework.security.web.authentication.AnonymousAuthenticationFilter@2e380cc7, org.springframework.security.web.session.SessionManagementFilter@59eef15c, org.springframework.security.web.access.ExceptionTranslationFilter@6e7caf3, org.springframework.security.web.access.intercept.FilterSecurityInterceptor@23d1bf5b]
13/04/2021 23:45:56 INFO  [restartedMain] org.springframework.scheduling.concurrent.ThreadPoolTaskExecutor - Initializing ExecutorService 'applicationTaskExecutor'
13/04/2021 23:45:56 INFO  [restartedMain] org.springframework.boot.web.embedded.tomcat.TomcatWebServer - Tomcat started on port(s): 8080 (http) with context path ''
13/04/2021 23:46:05 INFO  [restartedMain] com.xpr.XprApplication - Started XprApplication in 42.902 seconds (JVM running for 48.7)
13/04/2021 23:46:07 DEBUG [restartedMain] com.xpr.XprApplication - Ajout d'un nouveau ramasseur : ramasseur1
13/04/2021 23:46:07 DEBUG [restartedMain] com.xpr.XprApplication - Ajout d'un nouveau livreur : livreur1
13/04/2021 23:46:08 DEBUG [restartedMain] com.xpr.XprApplication - Ajout d'un nouveau livreur : livreur2
13/04/2021 23:46:08 DEBUG [restartedMain] com.xpr.XprApplication - add Client1
